<?xml version="1.0" encoding="UTF-8"?>
<!-- Generated by org.testng.reporters.JUnitReportReporter -->
<testsuite hostname="DESKTOP-JIQKHJC" name="com.inetbanking.Testcases.TC_003" tests="1" failures="0" timestamp="9 May 2020 17:54:22 GMT" time="19.022" errors="0">
  <testcase name="addcustomer" time="19.022" classname="com.inetbanking.Testcases.TC_003"/>
</testsuite> <!-- com.inetbanking.Testcases.TC_003 -->
