<?xml version="1.0" encoding="UTF-8"?>
<!-- Generated by org.testng.reporters.JUnitReportReporter -->
<testsuite hostname="DESKTOP-JIQKHJC" name="com.inetbanking.Testcases.Tc_001" tests="1" failures="0" timestamp="9 May 2020 10:08:26 GMT" time="3.872" errors="0">
  <testcase name="Login" time="3.872" classname="com.inetbanking.Testcases.Tc_001"/>
</testsuite> <!-- com.inetbanking.Testcases.Tc_001 -->
